c:\users\domiter\documents\github\metroid\metroid\debug\vc140.pdb
c:\users\domiter\documents\github\metroid\metroid\debug\vc140.idb
c:\users\domiter\documents\github\metroid\metroid\debug\ccamera.obj
c:\users\domiter\documents\github\metroid\metroid\debug\csprite.obj
c:\users\domiter\documents\github\metroid\metroid\debug\ctext.obj
c:\users\domiter\documents\github\metroid\metroid\debug\ctexture.obj
c:\users\domiter\documents\github\metroid\metroid\debug\dynamicobject.obj
c:\users\domiter\documents\github\metroid\metroid\debug\game.obj
c:\users\domiter\documents\github\metroid\metroid\debug\gameobject.obj
c:\users\domiter\documents\github\metroid\metroid\debug\global.obj
c:\users\domiter\documents\github\metroid\metroid\debug\main.obj
c:\users\domiter\documents\github\metroid\metroid\debug\qbackground.obj
c:\users\domiter\documents\github\metroid\metroid\debug\qnode.obj
c:\users\domiter\documents\github\metroid\metroid\debug\samus.obj
c:\users\domiter\documents\github\metroid\metroid\debug\scene.obj
c:\users\domiter\documents\github\metroid\metroid\debug\scenegame.obj
c:\users\domiter\documents\github\metroid\metroid\debug\scenemain.obj
c:\users\domiter\documents\github\metroid\metroid\debug\scenemenu.obj
c:\users\domiter\documents\github\metroid\metroid\debug\singleton.obj
c:\users\domiter\documents\github\metroid\metroid\debug\tile.obj
c:\users\domiter\documents\github\metroid\metroid\debug\utils.obj
c:\users\domiter\documents\github\metroid\debug\metroid.ilk
c:\users\domiter\documents\github\metroid\debug\metroid.exe
c:\users\domiter\documents\github\metroid\debug\metroid.pdb
c:\users\domiter\documents\github\metroid\metroid\debug\metroid.tlog\cl.command.1.tlog
c:\users\domiter\documents\github\metroid\metroid\debug\metroid.tlog\cl.read.1.tlog
c:\users\domiter\documents\github\metroid\metroid\debug\metroid.tlog\cl.write.1.tlog
c:\users\domiter\documents\github\metroid\metroid\debug\metroid.tlog\link.command.1.tlog
c:\users\domiter\documents\github\metroid\metroid\debug\metroid.tlog\link.read.1.tlog
c:\users\domiter\documents\github\metroid\metroid\debug\metroid.tlog\link.write.1.tlog
