<<<<<<< HEAD
﻿  Samus.cpp
  c:\program files (x86)\microsoft directx sdk (june 2010)\include\dinput.h: DIRECTINPUT_VERSION undefined. Defaulting to version 0x0800
f:\projects\metroid\metroid\samus.cpp(12): warning C4244: 'argument': conversion from 'int' to 'float', possible loss of data
f:\projects\metroid\metroid\samus.cpp(107): warning C4244: 'argument': conversion from 'int' to 'float', possible loss of data
f:\projects\metroid\metroid\samus.cpp(109): warning C4244: 'argument': conversion from 'int' to 'float', possible loss of data
f:\projects\metroid\metroid\samus.cpp(174): warning C4244: 'argument': conversion from 'float' to 'int', possible loss of data
f:\projects\metroid\metroid\samus.cpp(179): warning C4244: 'argument': conversion from 'float' to 'int', possible loss of data
f:\projects\metroid\metroid\samus.cpp(186): warning C4244: 'argument': conversion from 'FLOAT' to 'int', possible loss of data
f:\projects\metroid\metroid\samus.cpp(191): warning C4244: 'argument': conversion from 'FLOAT' to 'int', possible loss of data
f:\projects\metroid\metroid\samus.cpp(196): warning C4244: 'argument': conversion from 'FLOAT' to 'int', possible loss of data
f:\projects\metroid\metroid\samus.cpp(201): warning C4244: 'argument': conversion from 'FLOAT' to 'int', possible loss of data
f:\projects\metroid\metroid\samus.cpp(204): warning C4244: 'argument': conversion from 'FLOAT' to 'int', possible loss of data
f:\projects\metroid\metroid\samus.cpp(211): warning C4244: 'argument': conversion from 'FLOAT' to 'int', possible loss of data
f:\projects\metroid\metroid\samus.cpp(216): warning C4244: 'argument': conversion from 'FLOAT' to 'int', possible loss of data
f:\projects\metroid\metroid\samus.cpp(221): warning C4244: 'argument': conversion from 'FLOAT' to 'int', possible loss of data
f:\projects\metroid\metroid\samus.cpp(226): warning C4244: 'argument': conversion from 'FLOAT' to 'int', possible loss of data
f:\projects\metroid\metroid\samus.cpp(229): warning C4244: 'argument': conversion from 'FLOAT' to 'int', possible loss of data
  Generating Code...
f:\projects\metroid\metroid\samus.cpp(124): error C4700: uninitialized local variable 'moveY' used
f:\projects\metroid\metroid\samus.cpp(124): error C4700: uninitialized local variable 'moveX' used
  Compiling...
  main.cpp
=======
<<<<<<< HEAD
﻿  SceneGame.cpp
  c:\program files (x86)\microsoft directx sdk (june 2010)\include\dinput.h: DIRECTINPUT_VERSION undefined. Defaulting to version 0x0800
  QBackground.cpp
  c:\program files (x86)\microsoft directx sdk (june 2010)\include\dinput.h: DIRECTINPUT_VERSION undefined. Defaulting to version 0x0800
c:\users\domiter\documents\github\metroid\metroid\qbackground.cpp(44): warning C4101: '_obj': unreferenced local variable
c:\users\domiter\documents\github\metroid\metroid\qbackground.cpp(70): warning C4244: 'argument': conversion from 'FLOAT' to 'int', possible loss of data
  Global.cpp
=======
﻿  Utils.cpp
  Tile.cpp
  Singleton.cpp
>>>>>>> df0c4e664d105311f2419687410272b4aa630c28
  c:\program files (x86)\microsoft directx sdk (june 2010)\include\dinput.h: DIRECTINPUT_VERSION undefined. Defaulting to version 0x0800
  SceneMenu.cpp
  c:\program files (x86)\microsoft directx sdk (june 2010)\include\dinput.h: DIRECTINPUT_VERSION undefined. Defaulting to version 0x0800
  SceneMain.cpp
  c:\program files (x86)\microsoft directx sdk (june 2010)\include\dinput.h: DIRECTINPUT_VERSION undefined. Defaulting to version 0x0800
  SceneGame.cpp
>>>>>>> 4d41ca4be8ebf3768d7d854b952cb4081057ddbb
  c:\program files (x86)\microsoft directx sdk (june 2010)\include\dinput.h: DIRECTINPUT_VERSION undefined. Defaulting to version 0x0800
f:\projects\metroid\metroid\scenegame.cpp(29): warning C4244: 'argument': conversion from 'int' to 'float', possible loss of data
f:\projects\metroid\metroid\scenegame.cpp(34): warning C4244: 'argument': conversion from 'float' to 'int', possible loss of data
f:\projects\metroid\metroid\scenegame.cpp(44): warning C4244: 'argument': conversion from 'FLOAT' to 'int', possible loss of data
f:\projects\metroid\metroid\scenegame.cpp(45): warning C4244: 'argument': conversion from 'FLOAT' to 'int', possible loss of data
f:\projects\metroid\metroid\scenegame.cpp(46): warning C4244: 'argument': conversion from 'float' to 'int', possible loss of data
f:\projects\metroid\metroid\scenegame.cpp(47): warning C4244: 'argument': conversion from 'float' to 'int', possible loss of data
  QGameObject.cpp
  c:\program files (x86)\microsoft directx sdk (june 2010)\include\dinput.h: DIRECTINPUT_VERSION undefined. Defaulting to version 0x0800
f:\projects\metroid\metroid\qgameobject.cpp(137): warning C4244: '=': conversion from 'float' to 'int', possible loss of data
f:\projects\metroid\metroid\qgameobject.cpp(140): warning C4244: '=': conversion from 'float' to 'int', possible loss of data
  Ground.cpp
  c:\program files (x86)\microsoft directx sdk (june 2010)\include\dinput.h: DIRECTINPUT_VERSION undefined. Defaulting to version 0x0800
  GameObject.cpp
  c:\program files (x86)\microsoft directx sdk (june 2010)\include\dinput.h: DIRECTINPUT_VERSION undefined. Defaulting to version 0x0800
f:\projects\metroid\metroid\gameobject.cpp(85): warning C4244: 'argument': conversion from 'float' to 'int', possible loss of data
f:\projects\metroid\metroid\gameobject.cpp(86): warning C4244: 'argument': conversion from 'FLOAT' to 'int', possible loss of data
f:\projects\metroid\metroid\gameobject.cpp(128): warning C4244: 'argument': conversion from 'int' to 'float', possible loss of data
  DynamicObject.cpp
  c:\program files (x86)\microsoft directx sdk (june 2010)\include\dinput.h: DIRECTINPUT_VERSION undefined. Defaulting to version 0x0800
f:\projects\metroid\metroid\dynamicobject.cpp(34): warning C4244: 'argument': conversion from 'float' to 'int', possible loss of data
f:\projects\metroid\metroid\dynamicobject.cpp(36): warning C4244: 'argument': conversion from 'FLOAT' to 'int', possible loss of data
f:\projects\metroid\metroid\dynamicobject.cpp(38): warning C4244: 'argument': conversion from 'FLOAT' to 'int', possible loss of data
f:\projects\metroid\metroid\dynamicobject.cpp(127): warning C4244: 'argument': conversion from 'int' to 'float', possible loss of data
  Bullet.cpp
  c:\program files (x86)\microsoft directx sdk (june 2010)\include\dinput.h: DIRECTINPUT_VERSION undefined. Defaulting to version 0x0800
f:\projects\metroid\metroid\bullet.cpp(30): warning C4244: 'argument': conversion from 'float' to 'int', possible loss of data
f:\projects\metroid\metroid\bullet.cpp(32): warning C4244: 'argument': conversion from 'FLOAT' to 'int', possible loss of data
f:\projects\metroid\metroid\bullet.cpp(34): warning C4244: 'argument': conversion from 'FLOAT' to 'int', possible loss of data
  Generating Code...
f:\projects\metroid\metroid\dynamicobject.cpp(73): error C4700: uninitialized local variable 'moveY' used
f:\projects\metroid\metroid\dynamicobject.cpp(73): error C4700: uninitialized local variable 'moveX' used
